C:\USERS\Даринка\DOCUMENTS\GITHUB\INTERNSHIP\DEBUG\INTERNSHIP.EXE
C:\USERS\Даринка\DOCUMENTS\GITHUB\INTERNSHIP\DEBUG\INTERNSHIP.ILK
C:\USERS\ДАРИНКА\DOCUMENTS\GITHUB\INTERNSHIP\DEBUG\INTERNSHIP.PDB
C:\USERS\ДАРИНКА\DOCUMENTS\GITHUB\INTERNSHIP\INTERNSHIP\DEBUG\AGENT.OBJ
C:\USERS\Даринка\DOCUMENTS\GITHUB\INTERNSHIP\INTERNSHIP\DEBUG\APP.RES
C:\USERS\ДАРИНКА\DOCUMENTS\GITHUB\INTERNSHIP\INTERNSHIP\DEBUG\ASSEMBLYINFO.OBJ
C:\Users\Даринка\Documents\GitHub\internship\internship\Debug\cl.command.1.tlog
C:\Users\Даринка\Documents\GitHub\internship\internship\Debug\CL.read.1.tlog
C:\Users\Даринка\Documents\GitHub\internship\internship\Debug\CL.write.1.tlog
C:\Users\Даринка\Documents\GitHub\internship\internship\Debug\internship.Agent.resources
C:\USERS\Даринка\DOCUMENTS\GITHUB\INTERNSHIP\INTERNSHIP\DEBUG\INTERNSHIP.EXE.INTERMEDIATE.MANIFEST
C:\Users\Даринка\Documents\GitHub\internship\internship\Debug\internship.newAgent.resources
C:\USERS\ДАРИНКА\DOCUMENTS\GITHUB\INTERNSHIP\INTERNSHIP\DEBUG\INTERNSHIP.OBJ
C:\USERS\Даринка\DOCUMENTS\GITHUB\INTERNSHIP\INTERNSHIP\DEBUG\INTERNSHIP.PCH
C:\Users\Даринка\Documents\GitHub\internship\internship\Debug\internship.Server.resources
C:\Users\Даринка\Documents\GitHub\internship\internship\Debug\internship.vcxproj.GenerateResource.Cache
C:\Users\Даринка\Documents\GitHub\internship\internship\Debug\internship.vcxprojResolveAssemblyReference.cache
C:\Users\Даринка\Documents\GitHub\internship\internship\Debug\internship.write.1.tlog
C:\Users\Даринка\Documents\GitHub\internship\internship\Debug\link.1240.read.1.tlog
C:\Users\Даринка\Documents\GitHub\internship\internship\Debug\link.1240.write.1.tlog
C:\Users\Даринка\Documents\GitHub\internship\internship\Debug\link.1240-cvtres.read.1.tlog
C:\Users\Даринка\Documents\GitHub\internship\internship\Debug\link.1240-cvtres.write.1.tlog
C:\Users\Даринка\Documents\GitHub\internship\internship\Debug\link.128.read.1.tlog
C:\Users\Даринка\Documents\GitHub\internship\internship\Debug\link.128.write.1.tlog
C:\Users\Даринка\Documents\GitHub\internship\internship\Debug\link.128-cvtres.read.1.tlog
C:\Users\Даринка\Documents\GitHub\internship\internship\Debug\link.128-cvtres.write.1.tlog
C:\Users\Даринка\Documents\GitHub\internship\internship\Debug\link.1292.read.1.tlog
C:\Users\Даринка\Documents\GitHub\internship\internship\Debug\link.1292.write.1.tlog
C:\Users\Даринка\Documents\GitHub\internship\internship\Debug\link.1292-cvtres.read.1.tlog
C:\Users\Даринка\Documents\GitHub\internship\internship\Debug\link.1292-cvtres.write.1.tlog
C:\Users\Даринка\Documents\GitHub\internship\internship\Debug\link.1312.read.1.tlog
C:\Users\Даринка\Documents\GitHub\internship\internship\Debug\link.1312.write.1.tlog
C:\Users\Даринка\Documents\GitHub\internship\internship\Debug\link.1312-cvtres.read.1.tlog
C:\Users\Даринка\Documents\GitHub\internship\internship\Debug\link.1312-cvtres.write.1.tlog
C:\Users\Даринка\Documents\GitHub\internship\internship\Debug\link.1432.read.1.tlog
C:\Users\Даринка\Documents\GitHub\internship\internship\Debug\link.1432.write.1.tlog
C:\Users\Даринка\Documents\GitHub\internship\internship\Debug\link.1432-cvtres.read.1.tlog
C:\Users\Даринка\Documents\GitHub\internship\internship\Debug\link.1432-cvtres.write.1.tlog
C:\Users\Даринка\Documents\GitHub\internship\internship\Debug\link.1588.read.1.tlog
C:\Users\Даринка\Documents\GitHub\internship\internship\Debug\link.1588.write.1.tlog
C:\Users\Даринка\Documents\GitHub\internship\internship\Debug\link.1588-cvtres.read.1.tlog
C:\Users\Даринка\Documents\GitHub\internship\internship\Debug\link.1588-cvtres.write.1.tlog
C:\Users\Даринка\Documents\GitHub\internship\internship\Debug\link.1768.read.1.tlog
C:\Users\Даринка\Documents\GitHub\internship\internship\Debug\link.1768.write.1.tlog
C:\Users\Даринка\Documents\GitHub\internship\internship\Debug\link.1768-cvtres.read.1.tlog
C:\Users\Даринка\Documents\GitHub\internship\internship\Debug\link.1768-cvtres.write.1.tlog
C:\Users\Даринка\Documents\GitHub\internship\internship\Debug\link.1832.read.1.tlog
C:\Users\Даринка\Documents\GitHub\internship\internship\Debug\link.1832.write.1.tlog
C:\Users\Даринка\Documents\GitHub\internship\internship\Debug\link.1832-cvtres.read.1.tlog
C:\Users\Даринка\Documents\GitHub\internship\internship\Debug\link.1832-cvtres.write.1.tlog
C:\Users\Даринка\Documents\GitHub\internship\internship\Debug\link.1972.read.1.tlog
C:\Users\Даринка\Documents\GitHub\internship\internship\Debug\link.1972.write.1.tlog
C:\Users\Даринка\Documents\GitHub\internship\internship\Debug\link.1972-cvtres.read.1.tlog
C:\Users\Даринка\Documents\GitHub\internship\internship\Debug\link.1972-cvtres.write.1.tlog
C:\Users\Даринка\Documents\GitHub\internship\internship\Debug\link.2120.read.1.tlog
C:\Users\Даринка\Documents\GitHub\internship\internship\Debug\link.2120.write.1.tlog
C:\Users\Даринка\Documents\GitHub\internship\internship\Debug\link.2120-cvtres.read.1.tlog
C:\Users\Даринка\Documents\GitHub\internship\internship\Debug\link.2120-cvtres.write.1.tlog
C:\Users\Даринка\Documents\GitHub\internship\internship\Debug\link.2148.read.1.tlog
C:\Users\Даринка\Documents\GitHub\internship\internship\Debug\link.2148.write.1.tlog
C:\Users\Даринка\Documents\GitHub\internship\internship\Debug\link.2148-cvtres.read.1.tlog
C:\Users\Даринка\Documents\GitHub\internship\internship\Debug\link.2148-cvtres.write.1.tlog
C:\Users\Даринка\Documents\GitHub\internship\internship\Debug\link.2152.read.1.tlog
C:\Users\Даринка\Documents\GitHub\internship\internship\Debug\link.2152.write.1.tlog
C:\Users\Даринка\Documents\GitHub\internship\internship\Debug\link.2152-cvtres.read.1.tlog
C:\Users\Даринка\Documents\GitHub\internship\internship\Debug\link.2152-cvtres.write.1.tlog
C:\Users\Даринка\Documents\GitHub\internship\internship\Debug\link.2160.read.1.tlog
C:\Users\Даринка\Documents\GitHub\internship\internship\Debug\link.2160.write.1.tlog
C:\Users\Даринка\Documents\GitHub\internship\internship\Debug\link.2364.read.1.tlog
C:\Users\Даринка\Documents\GitHub\internship\internship\Debug\link.2364.write.1.tlog
C:\Users\Даринка\Documents\GitHub\internship\internship\Debug\link.2364-cvtres.read.1.tlog
C:\Users\Даринка\Documents\GitHub\internship\internship\Debug\link.2364-cvtres.write.1.tlog
C:\Users\Даринка\Documents\GitHub\internship\internship\Debug\link.2412.read.1.tlog
C:\Users\Даринка\Documents\GitHub\internship\internship\Debug\link.2412.write.1.tlog
C:\Users\Даринка\Documents\GitHub\internship\internship\Debug\link.2412-cvtres.read.1.tlog
C:\Users\Даринка\Documents\GitHub\internship\internship\Debug\link.2412-cvtres.write.1.tlog
C:\Users\Даринка\Documents\GitHub\internship\internship\Debug\link.2500.read.1.tlog
C:\Users\Даринка\Documents\GitHub\internship\internship\Debug\link.2500.write.1.tlog
C:\Users\Даринка\Documents\GitHub\internship\internship\Debug\link.2544.read.1.tlog
C:\Users\Даринка\Documents\GitHub\internship\internship\Debug\link.2544.write.1.tlog
C:\Users\Даринка\Documents\GitHub\internship\internship\Debug\link.2544-cvtres.read.1.tlog
C:\Users\Даринка\Documents\GitHub\internship\internship\Debug\link.2544-cvtres.write.1.tlog
C:\Users\Даринка\Documents\GitHub\internship\internship\Debug\link.2640.read.1.tlog
C:\Users\Даринка\Documents\GitHub\internship\internship\Debug\link.2640.write.1.tlog
C:\Users\Даринка\Documents\GitHub\internship\internship\Debug\link.2640-cvtres.read.1.tlog
C:\Users\Даринка\Documents\GitHub\internship\internship\Debug\link.2640-cvtres.write.1.tlog
C:\Users\Даринка\Documents\GitHub\internship\internship\Debug\link.2852.read.1.tlog
C:\Users\Даринка\Documents\GitHub\internship\internship\Debug\link.2852.write.1.tlog
C:\Users\Даринка\Documents\GitHub\internship\internship\Debug\link.2852-cvtres.read.1.tlog
C:\Users\Даринка\Documents\GitHub\internship\internship\Debug\link.2852-cvtres.write.1.tlog
C:\Users\Даринка\Documents\GitHub\internship\internship\Debug\link.2968.read.1.tlog
C:\Users\Даринка\Documents\GitHub\internship\internship\Debug\link.2968.write.1.tlog
C:\Users\Даринка\Documents\GitHub\internship\internship\Debug\link.2968-cvtres.read.1.tlog
C:\Users\Даринка\Documents\GitHub\internship\internship\Debug\link.2968-cvtres.write.1.tlog
C:\Users\Даринка\Documents\GitHub\internship\internship\Debug\link.3104.read.1.tlog
C:\Users\Даринка\Documents\GitHub\internship\internship\Debug\link.3104.write.1.tlog
C:\Users\Даринка\Documents\GitHub\internship\internship\Debug\link.3104-cvtres.read.1.tlog
C:\Users\Даринка\Documents\GitHub\internship\internship\Debug\link.3104-cvtres.write.1.tlog
C:\Users\Даринка\Documents\GitHub\internship\internship\Debug\link.3156.read.1.tlog
C:\Users\Даринка\Documents\GitHub\internship\internship\Debug\link.3156.write.1.tlog
C:\Users\Даринка\Documents\GitHub\internship\internship\Debug\link.324.read.1.tlog
C:\Users\Даринка\Documents\GitHub\internship\internship\Debug\link.324.write.1.tlog
C:\Users\Даринка\Documents\GitHub\internship\internship\Debug\link.324-cvtres.read.1.tlog
C:\Users\Даринка\Documents\GitHub\internship\internship\Debug\link.324-cvtres.write.1.tlog
C:\Users\Даринка\Documents\GitHub\internship\internship\Debug\link.3276.read.1.tlog
C:\Users\Даринка\Documents\GitHub\internship\internship\Debug\link.3276.write.1.tlog
C:\Users\Даринка\Documents\GitHub\internship\internship\Debug\link.3276-cvtres.read.1.tlog
C:\Users\Даринка\Documents\GitHub\internship\internship\Debug\link.3276-cvtres.write.1.tlog
C:\Users\Даринка\Documents\GitHub\internship\internship\Debug\link.3296.read.1.tlog
C:\Users\Даринка\Documents\GitHub\internship\internship\Debug\link.3296.write.1.tlog
C:\Users\Даринка\Documents\GitHub\internship\internship\Debug\link.3296-cvtres.read.1.tlog
C:\Users\Даринка\Documents\GitHub\internship\internship\Debug\link.3296-cvtres.write.1.tlog
C:\Users\Даринка\Documents\GitHub\internship\internship\Debug\link.3404.read.1.tlog
C:\Users\Даринка\Documents\GitHub\internship\internship\Debug\link.3404.write.1.tlog
C:\Users\Даринка\Documents\GitHub\internship\internship\Debug\link.3404-cvtres.read.1.tlog
C:\Users\Даринка\Documents\GitHub\internship\internship\Debug\link.3404-cvtres.write.1.tlog
C:\Users\Даринка\Documents\GitHub\internship\internship\Debug\link.3436.read.1.tlog
C:\Users\Даринка\Documents\GitHub\internship\internship\Debug\link.3436.write.1.tlog
C:\Users\Даринка\Documents\GitHub\internship\internship\Debug\link.3528.read.1.tlog
C:\Users\Даринка\Documents\GitHub\internship\internship\Debug\link.3528.write.1.tlog
C:\Users\Даринка\Documents\GitHub\internship\internship\Debug\link.3528-cvtres.read.1.tlog
C:\Users\Даринка\Documents\GitHub\internship\internship\Debug\link.3528-cvtres.write.1.tlog
C:\Users\Даринка\Documents\GitHub\internship\internship\Debug\link.372.read.1.tlog
C:\Users\Даринка\Documents\GitHub\internship\internship\Debug\link.372.write.1.tlog
C:\Users\Даринка\Documents\GitHub\internship\internship\Debug\link.372-cvtres.read.1.tlog
C:\Users\Даринка\Documents\GitHub\internship\internship\Debug\link.372-cvtres.write.1.tlog
C:\Users\Даринка\Documents\GitHub\internship\internship\Debug\link.3824.read.1.tlog
C:\Users\Даринка\Documents\GitHub\internship\internship\Debug\link.3824.write.1.tlog
C:\Users\Даринка\Documents\GitHub\internship\internship\Debug\link.3824-cvtres.read.1.tlog
C:\Users\Даринка\Documents\GitHub\internship\internship\Debug\link.3824-cvtres.write.1.tlog
C:\Users\Даринка\Documents\GitHub\internship\internship\Debug\link.3836.read.1.tlog
C:\Users\Даринка\Documents\GitHub\internship\internship\Debug\link.3836.write.1.tlog
C:\Users\Даринка\Documents\GitHub\internship\internship\Debug\link.3836-cvtres.read.1.tlog
C:\Users\Даринка\Documents\GitHub\internship\internship\Debug\link.3836-cvtres.write.1.tlog
C:\Users\Даринка\Documents\GitHub\internship\internship\Debug\link.3864.read.1.tlog
C:\Users\Даринка\Documents\GitHub\internship\internship\Debug\link.3864.write.1.tlog
C:\Users\Даринка\Documents\GitHub\internship\internship\Debug\link.3864-cvtres.read.1.tlog
C:\Users\Даринка\Documents\GitHub\internship\internship\Debug\link.3864-cvtres.write.1.tlog
C:\Users\Даринка\Documents\GitHub\internship\internship\Debug\link.3908.read.1.tlog
C:\Users\Даринка\Documents\GitHub\internship\internship\Debug\link.3908.write.1.tlog
C:\Users\Даринка\Documents\GitHub\internship\internship\Debug\link.3908-cvtres.read.1.tlog
C:\Users\Даринка\Documents\GitHub\internship\internship\Debug\link.3908-cvtres.write.1.tlog
C:\Users\Даринка\Documents\GitHub\internship\internship\Debug\link.3952.read.1.tlog
C:\Users\Даринка\Documents\GitHub\internship\internship\Debug\link.3952.write.1.tlog
C:\Users\Даринка\Documents\GitHub\internship\internship\Debug\link.3952-cvtres.read.1.tlog
C:\Users\Даринка\Documents\GitHub\internship\internship\Debug\link.3952-cvtres.write.1.tlog
C:\Users\Даринка\Documents\GitHub\internship\internship\Debug\link.3984.read.1.tlog
C:\Users\Даринка\Documents\GitHub\internship\internship\Debug\link.3984.write.1.tlog
C:\Users\Даринка\Documents\GitHub\internship\internship\Debug\link.3984-cvtres.read.1.tlog
C:\Users\Даринка\Documents\GitHub\internship\internship\Debug\link.3984-cvtres.write.1.tlog
C:\Users\Даринка\Documents\GitHub\internship\internship\Debug\link.4040.read.1.tlog
C:\Users\Даринка\Documents\GitHub\internship\internship\Debug\link.4040.write.1.tlog
C:\Users\Даринка\Documents\GitHub\internship\internship\Debug\link.4040-cvtres.read.1.tlog
C:\Users\Даринка\Documents\GitHub\internship\internship\Debug\link.4040-cvtres.write.1.tlog
C:\Users\Даринка\Documents\GitHub\internship\internship\Debug\link.4112.read.1.tlog
C:\Users\Даринка\Documents\GitHub\internship\internship\Debug\link.4112.write.1.tlog
C:\Users\Даринка\Documents\GitHub\internship\internship\Debug\link.4112-cvtres.read.1.tlog
C:\Users\Даринка\Documents\GitHub\internship\internship\Debug\link.4112-cvtres.write.1.tlog
C:\Users\Даринка\Documents\GitHub\internship\internship\Debug\link.4132.read.1.tlog
C:\Users\Даринка\Documents\GitHub\internship\internship\Debug\link.4132.write.1.tlog
C:\Users\Даринка\Documents\GitHub\internship\internship\Debug\link.4132-cvtres.read.1.tlog
C:\Users\Даринка\Documents\GitHub\internship\internship\Debug\link.4132-cvtres.write.1.tlog
C:\Users\Даринка\Documents\GitHub\internship\internship\Debug\link.4232.read.1.tlog
C:\Users\Даринка\Documents\GitHub\internship\internship\Debug\link.4232.write.1.tlog
C:\Users\Даринка\Documents\GitHub\internship\internship\Debug\link.4232-cvtres.read.1.tlog
C:\Users\Даринка\Documents\GitHub\internship\internship\Debug\link.4232-cvtres.write.1.tlog
C:\Users\Даринка\Documents\GitHub\internship\internship\Debug\link.4252.read.1.tlog
C:\Users\Даринка\Documents\GitHub\internship\internship\Debug\link.4252.write.1.tlog
C:\Users\Даринка\Documents\GitHub\internship\internship\Debug\link.4252-cvtres.read.1.tlog
C:\Users\Даринка\Documents\GitHub\internship\internship\Debug\link.4252-cvtres.write.1.tlog
C:\Users\Даринка\Documents\GitHub\internship\internship\Debug\link.4340.read.1.tlog
C:\Users\Даринка\Documents\GitHub\internship\internship\Debug\link.4340.write.1.tlog
C:\Users\Даринка\Documents\GitHub\internship\internship\Debug\link.4420.read.1.tlog
C:\Users\Даринка\Documents\GitHub\internship\internship\Debug\link.4420.write.1.tlog
C:\Users\Даринка\Documents\GitHub\internship\internship\Debug\link.4420-cvtres.read.1.tlog
C:\Users\Даринка\Documents\GitHub\internship\internship\Debug\link.4420-cvtres.write.1.tlog
C:\Users\Даринка\Documents\GitHub\internship\internship\Debug\link.4432.read.1.tlog
C:\Users\Даринка\Documents\GitHub\internship\internship\Debug\link.4432.write.1.tlog
C:\Users\Даринка\Documents\GitHub\internship\internship\Debug\link.4432-cvtres.read.1.tlog
C:\Users\Даринка\Documents\GitHub\internship\internship\Debug\link.4432-cvtres.write.1.tlog
C:\Users\Даринка\Documents\GitHub\internship\internship\Debug\link.4468.read.1.tlog
C:\Users\Даринка\Documents\GitHub\internship\internship\Debug\link.4468.write.1.tlog
C:\Users\Даринка\Documents\GitHub\internship\internship\Debug\link.4468-cvtres.read.1.tlog
C:\Users\Даринка\Documents\GitHub\internship\internship\Debug\link.4468-cvtres.write.1.tlog
C:\Users\Даринка\Documents\GitHub\internship\internship\Debug\link.4504.read.1.tlog
C:\Users\Даринка\Documents\GitHub\internship\internship\Debug\link.4504.write.1.tlog
C:\Users\Даринка\Documents\GitHub\internship\internship\Debug\link.4504-cvtres.read.1.tlog
C:\Users\Даринка\Documents\GitHub\internship\internship\Debug\link.4504-cvtres.write.1.tlog
C:\Users\Даринка\Documents\GitHub\internship\internship\Debug\link.4652.read.1.tlog
C:\Users\Даринка\Documents\GitHub\internship\internship\Debug\link.4652.write.1.tlog
C:\Users\Даринка\Documents\GitHub\internship\internship\Debug\link.4652-cvtres.read.1.tlog
C:\Users\Даринка\Documents\GitHub\internship\internship\Debug\link.4652-cvtres.write.1.tlog
C:\Users\Даринка\Documents\GitHub\internship\internship\Debug\link.4688.read.1.tlog
C:\Users\Даринка\Documents\GitHub\internship\internship\Debug\link.4688.write.1.tlog
C:\Users\Даринка\Documents\GitHub\internship\internship\Debug\link.4688-cvtres.read.1.tlog
C:\Users\Даринка\Documents\GitHub\internship\internship\Debug\link.4688-cvtres.write.1.tlog
C:\Users\Даринка\Documents\GitHub\internship\internship\Debug\link.4696.read.1.tlog
C:\Users\Даринка\Documents\GitHub\internship\internship\Debug\link.4696.write.1.tlog
C:\Users\Даринка\Documents\GitHub\internship\internship\Debug\link.4696-cvtres.read.1.tlog
C:\Users\Даринка\Documents\GitHub\internship\internship\Debug\link.4696-cvtres.write.1.tlog
C:\Users\Даринка\Documents\GitHub\internship\internship\Debug\link.4716.read.1.tlog
C:\Users\Даринка\Documents\GitHub\internship\internship\Debug\link.4716.write.1.tlog
C:\Users\Даринка\Documents\GitHub\internship\internship\Debug\link.4716-cvtres.read.1.tlog
C:\Users\Даринка\Documents\GitHub\internship\internship\Debug\link.4716-cvtres.write.1.tlog
C:\Users\Даринка\Documents\GitHub\internship\internship\Debug\link.4760.read.1.tlog
C:\Users\Даринка\Documents\GitHub\internship\internship\Debug\link.4760.write.1.tlog
C:\Users\Даринка\Documents\GitHub\internship\internship\Debug\link.4852.read.1.tlog
C:\Users\Даринка\Documents\GitHub\internship\internship\Debug\link.4852.write.1.tlog
C:\Users\Даринка\Documents\GitHub\internship\internship\Debug\link.4852-cvtres.read.1.tlog
C:\Users\Даринка\Documents\GitHub\internship\internship\Debug\link.4852-cvtres.write.1.tlog
C:\Users\Даринка\Documents\GitHub\internship\internship\Debug\link.4892.read.1.tlog
C:\Users\Даринка\Documents\GitHub\internship\internship\Debug\link.4892.write.1.tlog
C:\Users\Даринка\Documents\GitHub\internship\internship\Debug\link.4892-cvtres.read.1.tlog
C:\Users\Даринка\Documents\GitHub\internship\internship\Debug\link.4892-cvtres.write.1.tlog
C:\Users\Даринка\Documents\GitHub\internship\internship\Debug\link.4972.read.1.tlog
C:\Users\Даринка\Documents\GitHub\internship\internship\Debug\link.4972.write.1.tlog
C:\Users\Даринка\Documents\GitHub\internship\internship\Debug\link.4972-cvtres.read.1.tlog
C:\Users\Даринка\Documents\GitHub\internship\internship\Debug\link.4972-cvtres.write.1.tlog
C:\Users\Даринка\Documents\GitHub\internship\internship\Debug\link.4992.read.1.tlog
C:\Users\Даринка\Documents\GitHub\internship\internship\Debug\link.4992.write.1.tlog
C:\Users\Даринка\Documents\GitHub\internship\internship\Debug\link.4992-cvtres.read.1.tlog
C:\Users\Даринка\Documents\GitHub\internship\internship\Debug\link.4992-cvtres.write.1.tlog
C:\Users\Даринка\Documents\GitHub\internship\internship\Debug\link.5000.read.1.tlog
C:\Users\Даринка\Documents\GitHub\internship\internship\Debug\link.5000.write.1.tlog
C:\Users\Даринка\Documents\GitHub\internship\internship\Debug\link.5000-cvtres.read.1.tlog
C:\Users\Даринка\Documents\GitHub\internship\internship\Debug\link.5000-cvtres.write.1.tlog
C:\Users\Даринка\Documents\GitHub\internship\internship\Debug\link.5188.read.1.tlog
C:\Users\Даринка\Documents\GitHub\internship\internship\Debug\link.5188.write.1.tlog
C:\Users\Даринка\Documents\GitHub\internship\internship\Debug\link.5188-cvtres.read.1.tlog
C:\Users\Даринка\Documents\GitHub\internship\internship\Debug\link.5188-cvtres.write.1.tlog
C:\Users\Даринка\Documents\GitHub\internship\internship\Debug\link.5268.read.1.tlog
C:\Users\Даринка\Documents\GitHub\internship\internship\Debug\link.5268.write.1.tlog
C:\Users\Даринка\Documents\GitHub\internship\internship\Debug\link.5268-cvtres.read.1.tlog
C:\Users\Даринка\Documents\GitHub\internship\internship\Debug\link.5268-cvtres.write.1.tlog
C:\Users\Даринка\Documents\GitHub\internship\internship\Debug\link.5276.read.1.tlog
C:\Users\Даринка\Documents\GitHub\internship\internship\Debug\link.5276.write.1.tlog
C:\Users\Даринка\Documents\GitHub\internship\internship\Debug\link.5276-cvtres.read.1.tlog
C:\Users\Даринка\Documents\GitHub\internship\internship\Debug\link.5276-cvtres.write.1.tlog
C:\Users\Даринка\Documents\GitHub\internship\internship\Debug\link.5356.read.1.tlog
C:\Users\Даринка\Documents\GitHub\internship\internship\Debug\link.5356.write.1.tlog
C:\Users\Даринка\Documents\GitHub\internship\internship\Debug\link.5356-cvtres.read.1.tlog
C:\Users\Даринка\Documents\GitHub\internship\internship\Debug\link.5356-cvtres.write.1.tlog
C:\Users\Даринка\Documents\GitHub\internship\internship\Debug\link.5608.read.1.tlog
C:\Users\Даринка\Documents\GitHub\internship\internship\Debug\link.5608.write.1.tlog
C:\Users\Даринка\Documents\GitHub\internship\internship\Debug\link.5608-cvtres.read.1.tlog
C:\Users\Даринка\Documents\GitHub\internship\internship\Debug\link.5608-cvtres.write.1.tlog
C:\Users\Даринка\Documents\GitHub\internship\internship\Debug\link.5628.read.1.tlog
C:\Users\Даринка\Documents\GitHub\internship\internship\Debug\link.5628.write.1.tlog
C:\Users\Даринка\Documents\GitHub\internship\internship\Debug\link.5628-cvtres.read.1.tlog
C:\Users\Даринка\Documents\GitHub\internship\internship\Debug\link.5628-cvtres.write.1.tlog
C:\Users\Даринка\Documents\GitHub\internship\internship\Debug\link.5632.read.1.tlog
C:\Users\Даринка\Documents\GitHub\internship\internship\Debug\link.5632.write.1.tlog
C:\Users\Даринка\Documents\GitHub\internship\internship\Debug\link.5632-cvtres.read.1.tlog
C:\Users\Даринка\Documents\GitHub\internship\internship\Debug\link.5632-cvtres.write.1.tlog
C:\Users\Даринка\Documents\GitHub\internship\internship\Debug\link.5668.read.1.tlog
C:\Users\Даринка\Documents\GitHub\internship\internship\Debug\link.5668.write.1.tlog
C:\Users\Даринка\Documents\GitHub\internship\internship\Debug\link.5668-cvtres.read.1.tlog
C:\Users\Даринка\Documents\GitHub\internship\internship\Debug\link.5668-cvtres.write.1.tlog
C:\Users\Даринка\Documents\GitHub\internship\internship\Debug\link.5704.read.1.tlog
C:\Users\Даринка\Documents\GitHub\internship\internship\Debug\link.5704.write.1.tlog
C:\Users\Даринка\Documents\GitHub\internship\internship\Debug\link.5704-cvtres.read.1.tlog
C:\Users\Даринка\Documents\GitHub\internship\internship\Debug\link.5704-cvtres.write.1.tlog
C:\Users\Даринка\Documents\GitHub\internship\internship\Debug\link.5820.read.1.tlog
C:\Users\Даринка\Documents\GitHub\internship\internship\Debug\link.5820.write.1.tlog
C:\Users\Даринка\Documents\GitHub\internship\internship\Debug\link.5820-cvtres.read.1.tlog
C:\Users\Даринка\Documents\GitHub\internship\internship\Debug\link.5820-cvtres.write.1.tlog
C:\Users\Даринка\Documents\GitHub\internship\internship\Debug\link.5848.read.1.tlog
C:\Users\Даринка\Documents\GitHub\internship\internship\Debug\link.5848.write.1.tlog
C:\Users\Даринка\Documents\GitHub\internship\internship\Debug\link.5848-cvtres.read.1.tlog
C:\Users\Даринка\Documents\GitHub\internship\internship\Debug\link.5848-cvtres.write.1.tlog
C:\Users\Даринка\Documents\GitHub\internship\internship\Debug\link.5896.read.1.tlog
C:\Users\Даринка\Documents\GitHub\internship\internship\Debug\link.5896.write.1.tlog
C:\Users\Даринка\Documents\GitHub\internship\internship\Debug\link.5896-cvtres.read.1.tlog
C:\Users\Даринка\Documents\GitHub\internship\internship\Debug\link.5896-cvtres.write.1.tlog
C:\Users\Даринка\Documents\GitHub\internship\internship\Debug\link.5916.read.1.tlog
C:\Users\Даринка\Documents\GitHub\internship\internship\Debug\link.5916.write.1.tlog
C:\Users\Даринка\Documents\GitHub\internship\internship\Debug\link.5916-cvtres.read.1.tlog
C:\Users\Даринка\Documents\GitHub\internship\internship\Debug\link.5916-cvtres.write.1.tlog
C:\Users\Даринка\Documents\GitHub\internship\internship\Debug\link.5956.read.1.tlog
C:\Users\Даринка\Documents\GitHub\internship\internship\Debug\link.5956.write.1.tlog
C:\Users\Даринка\Documents\GitHub\internship\internship\Debug\link.5956-cvtres.read.1.tlog
C:\Users\Даринка\Documents\GitHub\internship\internship\Debug\link.5956-cvtres.write.1.tlog
C:\Users\Даринка\Documents\GitHub\internship\internship\Debug\link.6004.read.1.tlog
C:\Users\Даринка\Documents\GitHub\internship\internship\Debug\link.6004.write.1.tlog
C:\Users\Даринка\Documents\GitHub\internship\internship\Debug\link.6004-cvtres.read.1.tlog
C:\Users\Даринка\Documents\GitHub\internship\internship\Debug\link.6004-cvtres.write.1.tlog
C:\Users\Даринка\Documents\GitHub\internship\internship\Debug\link.6060.read.1.tlog
C:\Users\Даринка\Documents\GitHub\internship\internship\Debug\link.6060.write.1.tlog
C:\Users\Даринка\Documents\GitHub\internship\internship\Debug\link.6060-cvtres.read.1.tlog
C:\Users\Даринка\Documents\GitHub\internship\internship\Debug\link.6060-cvtres.write.1.tlog
C:\Users\Даринка\Documents\GitHub\internship\internship\Debug\link.6100.read.1.tlog
C:\Users\Даринка\Documents\GitHub\internship\internship\Debug\link.6100.write.1.tlog
C:\Users\Даринка\Documents\GitHub\internship\internship\Debug\link.6100-cvtres.read.1.tlog
C:\Users\Даринка\Documents\GitHub\internship\internship\Debug\link.6100-cvtres.write.1.tlog
C:\Users\Даринка\Documents\GitHub\internship\internship\Debug\link.6112.read.1.tlog
C:\Users\Даринка\Documents\GitHub\internship\internship\Debug\link.6112.write.1.tlog
C:\Users\Даринка\Documents\GitHub\internship\internship\Debug\link.6112-cvtres.read.1.tlog
C:\Users\Даринка\Documents\GitHub\internship\internship\Debug\link.6112-cvtres.write.1.tlog
C:\Users\Даринка\Documents\GitHub\internship\internship\Debug\link.6124.read.1.tlog
C:\Users\Даринка\Documents\GitHub\internship\internship\Debug\link.6124.write.1.tlog
C:\Users\Даринка\Documents\GitHub\internship\internship\Debug\link.6124-cvtres.read.1.tlog
C:\Users\Даринка\Documents\GitHub\internship\internship\Debug\link.6124-cvtres.write.1.tlog
C:\Users\Даринка\Documents\GitHub\internship\internship\Debug\link.676.read.1.tlog
C:\Users\Даринка\Documents\GitHub\internship\internship\Debug\link.676.write.1.tlog
C:\Users\Даринка\Documents\GitHub\internship\internship\Debug\link.764.read.1.tlog
C:\Users\Даринка\Documents\GitHub\internship\internship\Debug\link.764.write.1.tlog
C:\Users\Даринка\Documents\GitHub\internship\internship\Debug\link.command.1.tlog
C:\Users\Даринка\Documents\GitHub\internship\internship\Debug\link.read.1.tlog
C:\Users\Даринка\Documents\GitHub\internship\internship\Debug\link.write.1.tlog
C:\Users\Даринка\Documents\GitHub\internship\internship\Debug\metagen.read.1.tlog
C:\Users\Даринка\Documents\GitHub\internship\internship\Debug\metagen.write.1.tlog
C:\Users\Даринка\Documents\GitHub\internship\internship\Debug\mt.command.1.tlog
C:\Users\Даринка\Documents\GitHub\internship\internship\Debug\mt.read.1.tlog
C:\Users\Даринка\Documents\GitHub\internship\internship\Debug\mt.write.1.tlog
C:\USERS\ДАРИНКА\DOCUMENTS\GITHUB\INTERNSHIP\INTERNSHIP\DEBUG\NEWAGENT.OBJ
C:\USERS\Даринка\DOCUMENTS\GITHUB\INTERNSHIP\INTERNSHIP\DEBUG\PAINTER.OBJ
C:\Users\Даринка\Documents\GitHub\internship\internship\Debug\rc.command.1.tlog
C:\Users\Даринка\Documents\GitHub\internship\internship\Debug\rc.read.1.tlog
C:\Users\Даринка\Documents\GitHub\internship\internship\Debug\rc.write.1.tlog
C:\Users\Даринка\Documents\GitHub\internship\internship\Debug\RSAENH.DLL.bi
C:\USERS\Даринка\DOCUMENTS\GITHUB\INTERNSHIP\INTERNSHIP\DEBUG\SERVER.OBJ
C:\USERS\Даринка\DOCUMENTS\GITHUB\INTERNSHIP\INTERNSHIP\DEBUG\STDAFX.OBJ
C:\Users\Даринка\Documents\GitHub\internship\internship\Debug\TZRES.DLL.bi
C:\USERS\ДАРИНКА\DOCUMENTS\GITHUB\INTERNSHIP\INTERNSHIP\DEBUG\VC100.PDB
